<?xml version="1.0" encoding="UTF-8"?>
<!-- Generated by org.testng.reporters.JUnitReportReporter -->
<testsuite hostname="SHIVA-FCS1SVCT" failures="0" tests="3" name="testNG_essencials.DataProvider1" time="8.076" errors="0" timestamp="2024-06-25T22:42:37 IST" skipped="0">
  <testcase classname="testNG_essencials.DataProvider1" name="TestCase1" time="2.528"/>
  <system-out/>
  <testcase classname="testNG_essencials.DataProvider1" name="TestCase1" time="2.902"/>
  <system-out/>
  <testcase classname="testNG_essencials.DataProvider1" name="TestCase1" time="2.646"/>
  <system-out/>
</testsuite> <!-- testNG_essencials.DataProvider1 -->
