<?xml version="1.0" encoding="UTF-8"?>
<!-- Generated by org.testng.reporters.JUnitReportReporter -->
<testsuite hostname="SHIVA-FCS1SVCT" failures="0" tests="3" name="testNG_essencials.CrossBrowserTesting" time="12.889" errors="0" timestamp="2024-06-25T02:04:22 IST" skipped="0">
  <testcase classname="testNG_essencials.CrossBrowserTesting" name="testcase1" time="5.447"/>
  <system-out/>
  <testcase classname="testNG_essencials.CrossBrowserTesting" name="testcase1" time="4.793"/>
  <system-out/>
  <testcase classname="testNG_essencials.CrossBrowserTesting" name="testcase1" time="2.649"/>
  <system-out/>
</testsuite> <!-- testNG_essencials.CrossBrowserTesting -->
