<?xml version="1.0" encoding="UTF-8"?>
<!-- Generated by org.testng.reporters.JUnitReportReporter -->
<testsuite hostname="SHIVA-FCS1SVCT" failures="0" tests="1" name="amazon_Scenarios.AmazonLaunch_Close" time="7.503" errors="0" timestamp="2024-06-26T00:53:32 IST" skipped="0">
  <testcase classname="amazon_Scenarios.AmazonLaunch_Close" name="Amazon_Login" time="7.503"/>
  <system-out/>
</testsuite> <!-- amazon_Scenarios.AmazonLaunch_Close -->
