<?xml version="1.0" encoding="UTF-8"?>
<!-- Generated by org.testng.reporters.JUnitReportReporter -->
<testsuite hostname="SHIVA-FCS1SVCT" failures="0" tests="2" name="Shivas_Maven.MAVEN_proj.Annotations_Class" time="0.009" errors="0" timestamp="2024-06-14T23:57:29 IST" skipped="0">
  <testcase classname="Shivas_Maven.MAVEN_proj.Annotations_Class" name="test2" time="0.001"/>
  <system-out/>
  <testcase classname="Shivas_Maven.MAVEN_proj.Annotations_Class" name="test1" time="0.008"/>
  <system-out/>
</testsuite> <!-- Shivas_Maven.MAVEN_proj.Annotations_Class -->
