<?xml version="1.0" encoding="UTF-8"?>
<!-- Generated by org.testng.reporters.JUnitReportReporter -->
<testsuite hostname="SHIVA-FCS1SVCT" failures="0" tests="1" name="pgrm_exmples.AddToCart" time="0.010" errors="0" timestamp="2024-08-11T01:10:15 IST" skipped="0">
  <testcase classname="pgrm_exmples.AddToCart" name="shiva4" time="0.010"/>
  <system-out/>
</testsuite> <!-- pgrm_exmples.AddToCart -->
