<?xml version="1.0" encoding="UTF-8"?>
<!-- Generated by org.testng.reporters.JUnitReportReporter -->
<testsuite hostname="SHIVA-FCS1SVCT" failures="0" tests="1" name="testNG_Assignments.Sel_Assignments183" time="6.745" errors="0" timestamp="2024-06-16T17:43:50 IST" skipped="0">
  <testcase classname="testNG_Assignments.Sel_Assignments183" name="Ligin_TO_Amazon" time="6.745"/>
  <system-out/>
</testsuite> <!-- testNG_Assignments.Sel_Assignments183 -->
