<?xml version="1.0" encoding="UTF-8"?>
<!-- Generated by org.testng.reporters.JUnitReportReporter -->
<testsuite hostname="SHIVA-FCS1SVCT" failures="0" tests="1" name="pom_Amazon_scene.Case1_LoginWithCred" time="3.699" errors="0" timestamp="2024-07-20T13:21:29 IST" skipped="0">
  <testcase classname="pom_Amazon_scene.Case1_LoginWithCred" name="Login_With_Credentials" time="3.699"/>
  <system-out/>
</testsuite> <!-- pom_Amazon_scene.Case1_LoginWithCred -->
