<?xml version="1.0" encoding="UTF-8"?>
<!-- Generated by org.testng.reporters.JUnitReportReporter -->
<testsuite hostname="SHIVA-FCS1SVCT" failures="0" tests="1" name="pgrm_exmples.AddingToWishList" time="0.001" errors="0" timestamp="2024-06-14T23:15:15 IST" skipped="0">
  <testcase classname="pgrm_exmples.AddingToWishList" name="shiva3" time="0.001"/>
  <system-out/>
</testsuite> <!-- pgrm_exmples.AddingToWishList -->
