<?xml version="1.0" encoding="UTF-8"?>
<!-- Generated by org.testng.reporters.JUnitReportReporter -->
<testsuite hostname="SHIVA-FCS1SVCT" failures="0" tests="3" name="testNG_essencials.DataProvider2" time="8.943" errors="0" timestamp="2024-06-25T23:04:53 IST" skipped="0">
  <testcase classname="testNG_essencials.DataProvider2" name="LoginToGrotechminds" time="2.580"/>
  <system-out/>
  <testcase classname="testNG_essencials.DataProvider2" name="LoginToGrotechminds" time="2.926"/>
  <system-out/>
  <testcase classname="testNG_essencials.DataProvider2" name="LoginToGrotechminds" time="3.437"/>
  <system-out/>
</testsuite> <!-- testNG_essencials.DataProvider2 -->
