<?xml version="1.0" encoding="UTF-8"?>
<!-- Generated by org.testng.reporters.JUnitReportReporter -->
<testsuite hostname="SHIVA-FCS1SVCT" failures="0" tests="1" name="amazon_Scenarios.Amazon_Scene4" time="7.541" errors="0" timestamp="2024-06-26T02:29:57 IST" skipped="0">
  <testcase classname="amazon_Scenarios.Amazon_Scene4" name="Scene4" time="7.541"/>
  <system-out/>
</testsuite> <!-- amazon_Scenarios.Amazon_Scene4 -->
