<?xml version="1.0" encoding="UTF-8"?>
<!-- Generated by org.testng.reporters.JUnitReportReporter -->
<testsuite hostname="SHIVA-FCS1SVCT" failures="0" tests="1" name="pgrm_exmples.LogoutFromAmazon" time="0.002" errors="0" timestamp="2024-08-11T01:10:15 IST" skipped="0">
  <testcase classname="pgrm_exmples.LogoutFromAmazon" name="shiva5" time="0.002"/>
  <system-out/>
</testsuite> <!-- pgrm_exmples.LogoutFromAmazon -->
