<?xml version="1.0" encoding="UTF-8"?>
<!-- Generated by org.testng.reporters.JUnitReportReporter -->
<testsuite hostname="SHIVA-FCS1SVCT" failures="0" tests="1" name="testNG_Assignments.Sel_Assignments181" time="0.008" errors="0" timestamp="2024-06-16T16:11:37 IST" skipped="0">
  <testcase classname="testNG_Assignments.Sel_Assignments181" name="Method_Name" time="0.008"/>
  <system-out/>
</testsuite> <!-- testNG_Assignments.Sel_Assignments181 -->
