<?xml version="1.0" encoding="UTF-8"?>
<!-- Generated by org.testng.reporters.JUnitReportReporter -->
<testsuite hostname="SHIVA-FCS1SVCT" failures="0" tests="1" name="amazon_Scenarios.Amazon_Scene2" time="10.371" errors="0" timestamp="2024-06-26T02:29:57 IST" skipped="0">
  <testcase classname="amazon_Scenarios.Amazon_Scene2" name="Scene2" time="10.371"/>
  <system-out/>
</testsuite> <!-- amazon_Scenarios.Amazon_Scene2 -->
