<?xml version="1.0" encoding="UTF-8"?>
<!-- Generated by org.testng.reporters.JUnitReportReporter -->
<testsuite hostname="SHIVA-FCS1SVCT" failures="0" tests="1" name="pom_Amazon_scene.Case2" time="6.214" errors="0" timestamp="2024-07-20T23:15:36 IST" skipped="0">
  <testcase classname="pom_Amazon_scene.Case2" name="Amazon_Home_Page_Activities" time="6.214"/>
  <system-out/>
</testsuite> <!-- pom_Amazon_scene.Case2 -->
