<?xml version="1.0" encoding="UTF-8"?>
<!-- Generated by org.testng.reporters.JUnitReportReporter -->
<testsuite hostname="SHIVA-FCS1SVCT" failures="0" tests="1" name="testNG_essencials.DataProvider" time="0.013" errors="0" timestamp="2024-06-25T03:50:01 IST" skipped="0">
  <testcase classname="testNG_essencials.DataProvider" name="TestCase1" time="0.013"/>
  <system-out/>
</testsuite> <!-- testNG_essencials.DataProvider -->
