<?xml version="1.0" encoding="UTF-8"?>
<!-- Generated by org.testng.reporters.JUnitReportReporter -->
<testsuite hostname="SHIVA-FCS1SVCT" failures="0" tests="1" name="amazon_Scenarios.Amazon_Scene3" time="9.574" errors="0" timestamp="2024-08-11T01:59:18 IST" skipped="0">
  <testcase classname="amazon_Scenarios.Amazon_Scene3" name="Scene3" time="9.574"/>
  <system-out/>
</testsuite> <!-- amazon_Scenarios.Amazon_Scene3 -->
