<?xml version="1.0" encoding="UTF-8"?>
<!-- Generated by org.testng.reporters.JUnitReportReporter -->
<testsuite hostname="SHIVA-FCS1SVCT" failures="0" tests="3" name="testNG_essencials.CrossBrowserTesting" time="42.616" errors="0" timestamp="10 Aug 2024 20:04:18 GMT">
  <testcase classname="testNG_essencials.CrossBrowserTesting" name="testcase1" time="6.808"/>
  <testcase classname="testNG_essencials.CrossBrowserTesting" name="testcase1" time="32.581"/>
  <testcase classname="testNG_essencials.CrossBrowserTesting" name="testcase1" time="3.227"/>
</testsuite> <!-- testNG_essencials.CrossBrowserTesting -->
